CRITICAL - 2022-11-02 01:36:53 --> Cannot use object of type CodeIgniter\Shield\Entities\User as array
in APPPATH\Views\top.php on line 4.
 1 APPPATH\Views\index.php(1): include()
 2 SYSTEMPATH\View\View.php(213): include('APPPATH\\Views\\index.php')
 3 SYSTEMPATH\View\View.php(216): CodeIgniter\View\View->CodeIgniter\View\{closure}()
 4 SYSTEMPATH\Common.php(1134): CodeIgniter\View\View->render('index', [], true)
 5 APPPATH\Controllers\Home.php(13): view('index')
 6 SYSTEMPATH\CodeIgniter.php(927): App\Controllers\Home->dashboard()
 7 SYSTEMPATH\CodeIgniter.php(482): CodeIgniter\CodeIgniter->runController(Object(App\Controllers\Home))
 8 SYSTEMPATH\CodeIgniter.php(351): CodeIgniter\CodeIgniter->handleRequest(null, Object(Config\Cache), false)
 9 FCPATH\index.php(67): CodeIgniter\CodeIgniter->run()
CRITICAL - 2022-11-02 01:37:08 --> Cannot use object of type CodeIgniter\Shield\Entities\User as array
in APPPATH\Views\top.php on line 4.
 1 APPPATH\Views\index.php(1): include()
 2 SYSTEMPATH\View\View.php(213): include('APPPATH\\Views\\index.php')
 3 SYSTEMPATH\View\View.php(216): CodeIgniter\View\View->CodeIgniter\View\{closure}()
 4 SYSTEMPATH\Common.php(1134): CodeIgniter\View\View->render('index', [], true)
 5 APPPATH\Controllers\Home.php(13): view('index')
 6 SYSTEMPATH\CodeIgniter.php(927): App\Controllers\Home->dashboard()
 7 SYSTEMPATH\CodeIgniter.php(482): CodeIgniter\CodeIgniter->runController(Object(App\Controllers\Home))
 8 SYSTEMPATH\CodeIgniter.php(351): CodeIgniter\CodeIgniter->handleRequest(null, Object(Config\Cache), false)
 9 FCPATH\index.php(67): CodeIgniter\CodeIgniter->run()
CRITICAL - 2022-11-02 01:39:14 --> Cannot use object of type CodeIgniter\Shield\Entities\User as array
in APPPATH\Views\top.php on line 4.
 1 APPPATH\Views\index.php(1): include()
 2 SYSTEMPATH\View\View.php(213): include('APPPATH\\Views\\index.php')
 3 SYSTEMPATH\View\View.php(216): CodeIgniter\View\View->CodeIgniter\View\{closure}()
 4 SYSTEMPATH\Common.php(1134): CodeIgniter\View\View->render('index', [], true)
 5 APPPATH\Controllers\Home.php(13): view('index')
 6 SYSTEMPATH\CodeIgniter.php(927): App\Controllers\Home->dashboard()
 7 SYSTEMPATH\CodeIgniter.php(482): CodeIgniter\CodeIgniter->runController(Object(App\Controllers\Home))
 8 SYSTEMPATH\CodeIgniter.php(351): CodeIgniter\CodeIgniter->handleRequest(null, Object(Config\Cache), false)
 9 FCPATH\index.php(67): CodeIgniter\CodeIgniter->run()
CRITICAL - 2022-11-02 01:51:09 --> Call to undefined method CodeIgniter\Shield\Entities\User::save()
in APPPATH\Views\top.php on line 6.
 1 APPPATH\Views\index.php(1): include()
 2 SYSTEMPATH\View\View.php(213): include('APPPATH\\Views\\index.php')
 3 SYSTEMPATH\View\View.php(216): CodeIgniter\View\View->CodeIgniter\View\{closure}()
 4 SYSTEMPATH\Common.php(1134): CodeIgniter\View\View->render('index', [], true)
 5 APPPATH\Controllers\Home.php(13): view('index')
 6 SYSTEMPATH\CodeIgniter.php(927): App\Controllers\Home->dashboard()
 7 SYSTEMPATH\CodeIgniter.php(482): CodeIgniter\CodeIgniter->runController(Object(App\Controllers\Home))
 8 SYSTEMPATH\CodeIgniter.php(351): CodeIgniter\CodeIgniter->handleRequest(null, Object(Config\Cache), false)
 9 FCPATH\index.php(67): CodeIgniter\CodeIgniter->run()
CRITICAL - 2022-11-02 01:54:07 --> Call to a member function save() on null
in APPPATH\Views\top.php on line 6.
 1 APPPATH\Views\index.php(1): include()
 2 SYSTEMPATH\View\View.php(213): include('APPPATH\\Views\\index.php')
 3 SYSTEMPATH\View\View.php(216): CodeIgniter\View\View->CodeIgniter\View\{closure}()
 4 SYSTEMPATH\Common.php(1134): CodeIgniter\View\View->render('index', [], true)
 5 APPPATH\Controllers\Home.php(13): view('index')
 6 SYSTEMPATH\CodeIgniter.php(927): App\Controllers\Home->dashboard()
 7 SYSTEMPATH\CodeIgniter.php(482): CodeIgniter\CodeIgniter->runController(Object(App\Controllers\Home))
 8 SYSTEMPATH\CodeIgniter.php(351): CodeIgniter\CodeIgniter->handleRequest(null, Object(Config\Cache), false)
 9 FCPATH\index.php(67): CodeIgniter\CodeIgniter->run()
CRITICAL - 2022-11-02 01:58:27 --> assert(): Config Auth.userProvider is not a valid UserProvider. failed
in APPPATH\Views\top.php on line 9.
 1 [internal function]: CodeIgniter\Debug\Exceptions->errorHandler(2, 'assert(): Config Auth.userProvider is not a valid UserProvider. failed', 'APPPATH\\Views\\top.php', 9, [...])
 2 APPPATH\Views\top.php(9): assert(false, 'Config Auth.userProvider is not a valid UserProvider.')
 3 APPPATH\Views\index.php(1): include('APPPATH\\Views\\top.php')
 4 SYSTEMPATH\View\View.php(213): include('APPPATH\\Views\\index.php')
 5 SYSTEMPATH\View\View.php(216): CodeIgniter\View\View->CodeIgniter\View\{closure}()
 6 SYSTEMPATH\Common.php(1134): CodeIgniter\View\View->render('index', [], true)
 7 APPPATH\Controllers\Home.php(13): view('index')
 8 SYSTEMPATH\CodeIgniter.php(927): App\Controllers\Home->dashboard()
 9 SYSTEMPATH\CodeIgniter.php(482): CodeIgniter\CodeIgniter->runController(Object(App\Controllers\Home))
10 SYSTEMPATH\CodeIgniter.php(351): CodeIgniter\CodeIgniter->handleRequest(null, Object(Config\Cache), false)
11 FCPATH\index.php(67): CodeIgniter\CodeIgniter->run()
